C51 COMPILER V9.56.0.0   KEY                                                               03/09/2025 18:47:38 PAGE 1   


C51 COMPILER V9.56.0.0, COMPILATION OF MODULE KEY
OBJECT MODULE PLACED IN .\Objects\key.obj
COMPILER INVOKED BY: D:\Keil_v5\C51\BIN\C51.EXE ..\Driver\key.c OPTIMIZE(8,SPEED) BROWSE INCDIR(..\Driver;..\..\11ΩÏ’ÊÃ‚
                    -) DEBUG OBJECTEXTEND PRINT(.\Listings\key.lst) TABS(2) OBJECT(.\Objects\key.obj)

line level    source

   1          #include<key.h>
   2          unsigned char key_read(){
   3   1      unsigned char temp=0;
   4   1            ET1=0;
   5   1            P44=0;P42=1;P35=1;P34=1;
   6   1            if(P30==0) temp=5;
   7   1            if(P31==0) temp=6;
   8   1            if(P32==0) temp=7;
   9   1            if(P33==0) temp=8;
  10   1            P44=1;P42=0;P35=1;P34=1;
  11   1            if(P30==0) temp=9;
  12   1            if(P31==0) temp=10;
  13   1            if(P32==0) temp=11;
  14   1            if(P33==0) temp=12;
  15   1            P44=1;P42=1;P35=0;P34=1;
  16   1            if(P30==0) temp=13;
  17   1            if(P31==0) temp=14;
  18   1            if(P32==0) temp=2;//-->13
  19   1            if(P33==0) temp=1;//-->12
  20   1            P44=1;P42=1;P35=1;P34=0;
  21   1            if(P30==0) temp=15;
  22   1            if(P31==0) temp=16;
  23   1            if(P32==0) temp=4;//-->17
  24   1            if(P33==0) temp=3;//-->16
  25   1            P3=0XFF;  ET1=1;
  26   1            return temp;
  27   1      }


MODULE INFORMATION:   STATIC OVERLAYABLE
   CODE SIZE        =    122    ----
   CONSTANT SIZE    =   ----    ----
   XDATA SIZE       =   ----    ----
   PDATA SIZE       =   ----    ----
   DATA SIZE        =   ----    ----
   IDATA SIZE       =   ----    ----
   BIT SIZE         =   ----    ----
END OF MODULE INFORMATION.


C51 COMPILATION COMPLETE.  0 WARNING(S),  0 ERROR(S)
