C51 COMPILER V9.56.0.0   SEG                                                               03/09/2025 14:25:39 PAGE 1   


C51 COMPILER V9.56.0.0, COMPILATION OF MODULE SEG
OBJECT MODULE PLACED IN .\Objects\seg.obj
COMPILER INVOKED BY: D:\Keil_v5\C51\BIN\C51.EXE ..\Driver\seg.c OPTIMIZE(8,SPEED) BROWSE INCDIR(..\Driver;..\..\11½ìÕæÌâ
                    -) DEBUG OBJECTEXTEND PRINT(.\Listings\seg.lst) TABS(2) OBJECT(.\Objects\seg.obj)

line level    source

   1          #include<seg.h>
   2          code unsigned char Seg_Table[] = 
   3          {
   4          0xc0, //0
   5          0xf9, //1
   6          0xa4, //2
   7          0xb0, //3
   8          0x99, //4
   9          0x92, //5
  10          0x82, //6
  11          0xf8, //7
  12          0x80, //8
  13          0x90, //9
  14          0xc1, //U-10
  15          0X8C, //P-11
  16          0xc8, //n-12
  17          0xff //Ãð-13
  18          };
  19          void seg_disp(unsigned char wela,unsigned char dula,unsigned char point){
  20   1            P0=0XFF;
  21   1            P2=(P2&0X1F)|0XE0;
  22   1            P2&=0X1F;
  23   1            
  24   1            P0=0x01<<wela;
  25   1            P2=(P2&0X1F)|0Xc0;
  26   1            P2&=0X1F;   
  27   1      
  28   1            P0=Seg_Table[dula];
  29   1            if(point) P0&=0X7F;
  30   1            P2=(P2&0X1F)|0XE0;
  31   1            P2&=0X1F; 
  32   1      }


MODULE INFORMATION:   STATIC OVERLAYABLE
   CODE SIZE        =     63    ----
   CONSTANT SIZE    =     14    ----
   XDATA SIZE       =   ----    ----
   PDATA SIZE       =   ----    ----
   DATA SIZE        =   ----    ----
   IDATA SIZE       =   ----    ----
   BIT SIZE         =   ----    ----
END OF MODULE INFORMATION.


C51 COMPILATION COMPLETE.  0 WARNING(S),  0 ERROR(S)
