C51 COMPILER V9.56.0.0   DS1302                                                            03/07/2025 16:06:45 PAGE 1   


C51 COMPILER V9.56.0.0, COMPILATION OF MODULE DS1302
OBJECT MODULE PLACED IN .\Objects\ds1302.obj
COMPILER INVOKED BY: D:\Keil_v5\C51\BIN\C51.EXE ..\Driver\ds1302.c OPTIMIZE(8,SPEED) BROWSE INCDIR(..\Driver;..\..\15½ìÕ
                    -æÌâ) DEBUG OBJECTEXTEND PRINT(.\Listings\ds1302.lst) TABS(2) OBJECT(.\Objects\ds1302.obj)

line level    source

   1          /*  #   DS1302ä»£ç ç‰‡æ®µè¯´æ˜
   2            1.  æœ¬æ–‡ä»¶å¤¹ä¸­æä¾›çš„é©±åŠ¨ä»£ç ä¾›å‚èµ›é€‰æ‰‹å®Œæˆç¨‹åºè®¾è®¡å‚è€ƒã€‚
   3            2.  å‚èµ›é€‰æ‰‹å¯ä»¥è‡ªè¡Œç¼–å†™ç›¸å…³ä»£ç æˆ–ä»¥è¯¥ä»£ç ä¸ºåŸºç¡€ï¼Œæ ¹æ®æ‰€é€‰å•ç‰‡æœºç±»å‹ã€è¿
             -è¡Œé€Ÿåº¦å’Œè¯•é¢˜
   4              ä¸­å¯¹å•ç‰‡æœºæ—¶é’Ÿé¢‘ç‡çš„è¦æ±‚ï¼Œè¿›è¡Œä»£ç è°ƒè¯•å’Œä¿®æ”¹ã€‚
   5          */                
   6          
   7          //
   8          #include<ds1302.h>
   9          #include<intrins.h>
  10          sbit SCK=P1^7;
  11          sbit SDA=P2^3;
  12          sbit RST=P1^3;
  13          void Write_Ds1302(unsigned  char temp) 
  14          {
  15   1        unsigned char i;
  16   1        for (i=0;i<8;i++)       
  17   1        { 
  18   2          SCK = 0;
  19   2          SDA = temp&0x01;
  20   2          temp>>=1; 
  21   2          SCK=1;
  22   2        }
  23   1      }   
  24          
  25          //
  26          void Write_Ds1302_Byte( unsigned char address,unsigned char dat )     
  27          {
  28   1        RST=0;  _nop_();
  29   1        SCK=0;  _nop_();
  30   1        RST=1;  _nop_();  
  31   1        Write_Ds1302(address);  
  32   1        Write_Ds1302(dat);    
  33   1        RST=0; 
  34   1      }
  35          
  36          //
  37          unsigned char Read_Ds1302_Byte ( unsigned char address )
  38          {
  39   1        unsigned char i,temp=0x00;
  40   1        RST=0;  _nop_();
  41   1        SCK=0;  _nop_();
  42   1        RST=1;  _nop_();
  43   1        Write_Ds1302(address);
  44   1        for (i=0;i<8;i++)   
  45   1        {   
  46   2          SCK=0;
  47   2          temp>>=1; 
  48   2          if(SDA)
  49   2          temp|=0x80; 
  50   2          SCK=1;
  51   2        } 
  52   1        RST=0;  _nop_();
  53   1        SCK=0;  _nop_();
C51 COMPILER V9.56.0.0   DS1302                                                            03/07/2025 16:06:45 PAGE 2   

  54   1        SCK=1;  _nop_();
  55   1        SDA=0;  _nop_();
  56   1        SDA=1;  _nop_();
  57   1        return (temp);      
  58   1      }
  59          void Set_Rtc(unsigned char *ucRtc){
  60   1        unsigned char i,temp;
  61   1        Write_Ds1302_Byte( 0x8e,0x00 );
  62   1        for(i=0;i<3;i++){
  63   2        temp=((ucRtc[i]/10)<<4)|(ucRtc[i]%10);
  64   2        Write_Ds1302_Byte( 0x84-2*i,temp );
  65   2        }
  66   1        Write_Ds1302_Byte( 0x8e,0x80 ); 
  67   1      }
  68          void Read_Rtc(unsigned char *ucRtc){
  69   1        unsigned char i,temp;
  70   1        //Write_Ds1302_Byte( 0x8e,0x00 );
  71   1        for(i=0;i<3;i++){
  72   2          temp=Read_Ds1302_Byte (0x85-2*i);
  73   2          ucRtc[i]=((temp>>4)*10)+(temp&0x0f);
  74   2        }
  75   1        //Write_Ds1302_Byte( 0x8e,0x80 ); 
  76   1      }


MODULE INFORMATION:   STATIC OVERLAYABLE
   CODE SIZE        =    215    ----
   CONSTANT SIZE    =   ----    ----
   XDATA SIZE       =   ----    ----
   PDATA SIZE       =   ----    ----
   DATA SIZE        =   ----       6
   IDATA SIZE       =   ----    ----
   BIT SIZE         =   ----    ----
END OF MODULE INFORMATION.


C51 COMPILATION COMPLETE.  0 WARNING(S),  0 ERROR(S)
