C51 COMPILER V9.56.0.0   INIT                                                              03/07/2025 16:06:45 PAGE 1   


C51 COMPILER V9.56.0.0, COMPILATION OF MODULE INIT
OBJECT MODULE PLACED IN .\Objects\init.obj
COMPILER INVOKED BY: D:\Keil_v5\C51\BIN\C51.EXE ..\Driver\init.c OPTIMIZE(8,SPEED) BROWSE INCDIR(..\Driver;..\..\15ΩÏ’ÊÃ
                    -‚) DEBUG OBJECTEXTEND PRINT(.\Listings\init.lst) TABS(2) OBJECT(.\Objects\init.obj)

line level    source

   1          #include<init.h>
   2          void init(){
   3   1      
   4   1        P0=0XFF;
   5   1        P2=(P2&0X1F)|0X80;
   6   1        P2&=0X1F;
   7   1        P0=0X00;
   8   1          P2=(P2&0X1F)|0XA0;
   9   1        P2&=0X1F;
  10   1      }


MODULE INFORMATION:   STATIC OVERLAYABLE
   CODE SIZE        =     29    ----
   CONSTANT SIZE    =   ----    ----
   XDATA SIZE       =   ----    ----
   PDATA SIZE       =   ----    ----
   DATA SIZE        =   ----    ----
   IDATA SIZE       =   ----    ----
   BIT SIZE         =   ----    ----
END OF MODULE INFORMATION.


C51 COMPILATION COMPLETE.  0 WARNING(S),  0 ERROR(S)
