C51 COMPILER V9.56.0.0   SEG                                                               03/07/2025 16:06:45 PAGE 1   


C51 COMPILER V9.56.0.0, COMPILATION OF MODULE SEG
OBJECT MODULE PLACED IN .\Objects\seg.obj
COMPILER INVOKED BY: D:\Keil_v5\C51\BIN\C51.EXE ..\Driver\seg.c OPTIMIZE(8,SPEED) BROWSE INCDIR(..\Driver;..\..\15ΩÏ’ÊÃ‚
                    -) DEBUG OBJECTEXTEND PRINT(.\Listings\seg.lst) TABS(2) OBJECT(.\Objects\seg.obj)

line level    source

   1          #include<seg.h>
   2          code unsigned char Seg_Table[] = 
   3          {
   4          0xc0, //0
   5          0xf9, //1
   6          0xa4, //2
   7          0xb0, //3
   8          0x99, //4
   9          0x92, //5
  10          0x82, //6
  11          0xf8, //7
  12          0x80, //8
  13          0x90, //9,
  14          0xff, //mie_10
  15          0x8c, //P-11
  16          0x89, //H-12
  17          0xc7, //L-13
  18          0x8e, //F-14,
  19          0xbf,//--15
  20          0x88//a--16
  21          };
  22          void seg_disp(unsigned char wela,unsigned char dula,bit point){
  23   1        P0=0XFF;
  24   1        P2=(P2&0X1F)|0XE0;
  25   1        P2&=0X1F;
  26   1        
  27   1        P0=0x01<<wela;
  28   1        P2=(P2&0X1F)|0Xc0;
  29   1        P2&=0X1F; 
  30   1        
  31   1        P0=Seg_Table[dula];
  32   1        if(point) P3&=0X7F;
  33   1        P2=(P2&0X1F)|0XE0;
  34   1        P2&=0X1F; 
  35   1      }


MODULE INFORMATION:   STATIC OVERLAYABLE
   CODE SIZE        =     63    ----
   CONSTANT SIZE    =     17    ----
   XDATA SIZE       =   ----    ----
   PDATA SIZE       =   ----    ----
   DATA SIZE        =   ----    ----
   IDATA SIZE       =   ----    ----
   BIT SIZE         =   ----       1
END OF MODULE INFORMATION.


C51 COMPILATION COMPLETE.  0 WARNING(S),  0 ERROR(S)
